<?xml version="1.0" encoding="UTF-8"?>
<!-- Generated by org.testng.reporters.JUnitXMLReporter -->
<testsuite ignored="0" hostname="DESKTOP-C84JI4A" failures="0" tests="4" name="Login tests" time="46.547" errors="0" timestamp="2024-04-30T23:36:48 BDT">
  <testcase classname="TestCases.Web.tests.ProductTests" name="testToVerifyAddToCart" time="9.186"/>
  <testcase classname="TestCases.Web.tests.ProductTests" name="testToVerifyAddToCart2" time="9.197"/>
  <testcase classname="TestCases.Web.tests.ProductTests" name="testToVerifyAddToCart3" time="9.171"/>
  <testcase classname="TestCases.Web.tests.ProductTests" name="testToVerifyAddToCart4" time="9.209"/>
</testsuite> <!-- Login tests -->
