<?xml version="1.0" encoding="UTF-8"?>
<!-- Generated by org.testng.reporters.JUnitXMLReporter -->
<testsuite ignored="0" hostname="DESKTOP-C84JI4A" failures="0" tests="4" name="Login tests" time="49.048" errors="0" timestamp="2024-04-22T00:22:10 BDT">
  <testcase classname="TestCases.Web.tests.ProductTests" name="testToVerifyAddToCart" time="9.225"/>
  <testcase classname="TestCases.Web.tests.ProductTests" name="testToVerifyAddToCart2" time="9.178"/>
  <testcase classname="TestCases.Web.tests.ProductTests" name="testToVerifyAddToCart3" time="9.196"/>
  <testcase classname="TestCases.Web.tests.ProductTests" name="testToVerifyAddToCart4" time="9.184"/>
</testsuite> <!-- Login tests -->
