<?xml version="1.0" encoding="UTF-8"?>
<testsuite xmlns:xsi="http://www.w3.org/2001/XMLSchema-instance" xsi:noNamespaceSchemaLocation="https://maven.apache.org/surefire/maven-surefire-plugin/xsd/surefire-test-report-3.0.xsd" version="3.0" name="TestSuite" time="51.051" tests="4" errors="0" skipped="0" failures="2">
  <properties>
[...]
</properties>
  <testcase name="testToVerifyAddToCart" classname="TestCases.Web.tests.ProductTests" time="9.274">
    <system-out><![CDATA[21:45:01.195 INFO  Open URL: https://www.saucedemo.com
21:45:01.413 INFO  Step: Username field is displayed
21:45:01.521 INFO  Enter username: standard_user
21:45:01.561 INFO  Step: Password field is displayed
21:45:01.643 INFO  Enter password: secret_sauce
21:45:01.683 INFO  Step: Login button is displayed
21:45:01.762 INFO  Click submit button
21:45:04.835 INFO  Clicking on product from homepageSauce Labs Backpack
21:45:04.907 INFO  STEP: Home page opened
21:45:04.907 INFO  Clicked on product from home page
21:45:07.911 INFO  Clicking add to cart button from product details page
21:45:07.961 INFO  STEP: Add cart button is clicked
21:45:07.961 INFO  Clicked add to cart button from product details page
21:45:11.020 INFO  Asserting if product added number text visible on top tooltip
21:45:11.021 INFO  Product added number text visible on top tooltip
21:45:11.021 INFO  STEP: Product count updated on busket icon in homepage
21:45:11.022 INFO  Product added on cart
Step: Pass - Username field is displayed
Step: Pass - Password field is displayed
Step: Pass - Login button is displayed
Step: Pass - Home page opened
Step: Pass - Add cart button is clicked
Step: Pass - Product count updated on busket icon in homepage
]]></system-out>
    <system-err><![CDATA[SLF4J: Failed to load class "org.slf4j.impl.StaticLoggerBinder".
SLF4J: Defaulting to no-operation (NOP) logger implementation
SLF4J: See http://www.slf4j.org/codes.html#StaticLoggerBinder for further details.
Apr 20, 2024 9:44:58 PM org.openqa.selenium.devtools.CdpVersionFinder findNearestMatch
WARNING: Unable to find an exact match for CDP version 123, returning the closest version; found: 120; Please update to a Selenium version that supports CDP version 123
]]></system-err>
  </testcase>
  <testcase name="testToVerifyAddToCart2" classname="TestCases.Web.tests.ProductTests" time="6.39">
    <failure message="Add cart button is not clicked expected [true] but found [false]" type="java.lang.AssertionError"><![CDATA[java.lang.AssertionError: Add cart button is not clicked expected [true] but found [false]
	at org.testng.Assert.fail(Assert.java:111)
	at org.testng.Assert.failNotEquals(Assert.java:1578)
	at org.testng.Assert.assertTrue(Assert.java:57)
	at AbstarctComponents.Web.FrameworkAssertionLibrary.stepAssertionShouldBeTrue(FrameworkAssertionLibrary.java:23)
	at TestCases.Web.steps.TestSteps.clickingAddToCart2(TestSteps.java:39)
	at TestCases.Web.tests.ProductTests.testToVerifyAddToCart2(ProductTests.java:17)
	at java.base/jdk.internal.reflect.NativeMethodAccessorImpl.invoke0(Native Method)
	at java.base/jdk.internal.reflect.NativeMethodAccessorImpl.invoke(NativeMethodAccessorImpl.java:62)
	at java.base/jdk.internal.reflect.DelegatingMethodAccessorImpl.invoke(DelegatingMethodAccessorImpl.java:43)
	at java.base/java.lang.reflect.Method.invoke(Method.java:566)
	at org.testng.internal.invokers.MethodInvocationHelper.invokeMethod(MethodInvocationHelper.java:139)
	at org.testng.internal.invokers.TestInvoker.invokeMethod(TestInvoker.java:664)
	at org.testng.internal.invokers.TestInvoker.invokeTestMethod(TestInvoker.java:227)
	at org.testng.internal.invokers.MethodRunner.runInSequence(MethodRunner.java:50)
	at org.testng.internal.invokers.TestInvoker$MethodInvocationAgent.invoke(TestInvoker.java:957)
	at org.testng.internal.invokers.TestInvoker.invokeTestMethods(TestInvoker.java:200)
	at org.testng.internal.invokers.TestMethodWorker.invokeTestMethods(TestMethodWorker.java:148)
	at org.testng.internal.invokers.TestMethodWorker.run(TestMethodWorker.java:128)
	at java.base/java.util.ArrayList.forEach(ArrayList.java:1541)
	at org.testng.TestRunner.privateRun(TestRunner.java:848)
	at org.testng.TestRunner.run(TestRunner.java:621)
	at org.testng.SuiteRunner.runTest(SuiteRunner.java:443)
	at org.testng.SuiteRunner$SuiteWorker.run(SuiteRunner.java:481)
	at org.testng.internal.thread.ThreadUtil.lambda$execute$0(ThreadUtil.java:58)
	at java.base/java.util.concurrent.FutureTask.run(FutureTask.java:264)
	at java.base/java.util.concurrent.ThreadPoolExecutor.runWorker(ThreadPoolExecutor.java:1128)
	at java.base/java.util.concurrent.ThreadPoolExecutor$Worker.run(ThreadPoolExecutor.java:628)
	at java.base/java.lang.Thread.run(Thread.java:834)
]]></failure>
    <system-out><![CDATA[21:45:11.038 INFO  'Test to verify add to cart' is successfully passed
21:45:11.038 INFO  ---------------------------------------------------
21:45:14.812 INFO  Open URL: https://www.saucedemo.com
21:45:14.994 INFO  Step: Username field is displayed
21:45:15.096 INFO  Enter username: standard_user
21:45:15.134 INFO  Step: Password field is displayed
21:45:15.218 INFO  Enter password: secret_sauce
21:45:15.253 INFO  Step: Login button is displayed
21:45:15.338 INFO  Click submit button
21:45:18.391 INFO  Clicking on product from homepageSauce Labs Backpack
21:45:18.443 INFO  STEP: Home page opened
21:45:18.444 INFO  Clicked on product from home page
21:45:21.459 INFO  Clicking add to cart button from product details page
Step: Pass - Username field is displayed
Step: Pass - Password field is displayed
Step: Pass - Login button is displayed
Step: Pass - Home page opened
Step: Fail - Add cart button is clicked
Step: Fail - Add cart button is not clicked
]]></system-out>
    <system-err><![CDATA[Apr 20, 2024 9:45:12 PM org.openqa.selenium.devtools.CdpVersionFinder findNearestMatch
WARNING: Unable to find an exact match for CDP version 123, returning the closest version; found: 120; Please update to a Selenium version that supports CDP version 123
java.lang.NoSuchFieldException: driver
	at java.base/java.lang.Class.getField(Class.java:1999)
	at TestComponents.Web.ReportListeners.onTestFailure(ReportListeners.java:44)
	at org.testng.internal.TestListenerHelper.runTestListeners(TestListenerHelper.java:108)
	at org.testng.internal.invokers.TestInvoker.runTestResultListener(TestInvoker.java:262)
	at org.testng.internal.invokers.TestInvoker.invokeMethod(TestInvoker.java:751)
	at org.testng.internal.invokers.TestInvoker.invokeTestMethod(TestInvoker.java:227)
	at org.testng.internal.invokers.MethodRunner.runInSequence(MethodRunner.java:50)
	at org.testng.internal.invokers.TestInvoker$MethodInvocationAgent.invoke(TestInvoker.java:957)
	at org.testng.internal.invokers.TestInvoker.invokeTestMethods(TestInvoker.java:200)
	at org.testng.internal.invokers.TestMethodWorker.invokeTestMethods(TestMethodWorker.java:148)
	at org.testng.internal.invokers.TestMethodWorker.run(TestMethodWorker.java:128)
	at java.base/java.util.ArrayList.forEach(ArrayList.java:1541)
	at org.testng.TestRunner.privateRun(TestRunner.java:848)
	at org.testng.TestRunner.run(TestRunner.java:621)
	at org.testng.SuiteRunner.runTest(SuiteRunner.java:443)
	at org.testng.SuiteRunner$SuiteWorker.run(SuiteRunner.java:481)
	at org.testng.internal.thread.ThreadUtil.lambda$execute$0(ThreadUtil.java:58)
	at java.base/java.util.concurrent.FutureTask.run(FutureTask.java:264)
	at java.base/java.util.concurrent.ThreadPoolExecutor.runWorker(ThreadPoolExecutor.java:1128)
	at java.base/java.util.concurrent.ThreadPoolExecutor$Worker.run(ThreadPoolExecutor.java:628)
	at java.base/java.lang.Thread.run(Thread.java:834)
]]></system-err>
  </testcase>
  <testcase name="testToVerifyAddToCart3" classname="TestCases.Web.tests.ProductTests" time="9.239">
    <system-out><![CDATA[21:45:21.728 INFO  'Test to verify add to cart2' failed
21:45:21.728 INFO  ---------------------------------------------------
21:45:24.673 INFO  Open URL: https://www.saucedemo.com
21:45:24.848 INFO  Step: Username field is displayed
21:45:24.934 INFO  Enter username: standard_user
21:45:24.967 INFO  Step: Password field is displayed
21:45:25.053 INFO  Enter password: secret_sauce
21:45:25.091 INFO  Step: Login button is displayed
21:45:25.171 INFO  Click submit button
21:45:28.225 INFO  Clicking on product from homepageSauce Labs Backpack
21:45:28.288 INFO  STEP: Home page opened
21:45:28.289 INFO  Clicked on product from home page
21:45:31.292 INFO  Clicking add to cart button from product details page
21:45:31.355 INFO  STEP: Add cart button is clicked
21:45:31.355 INFO  Clicked add to cart button from product details page
21:45:34.406 INFO  Asserting if product added number text visible on top tooltip
21:45:34.406 INFO  Product added number text visible on top tooltip
21:45:34.407 INFO  STEP: Product count updated on busket icon in homepage
21:45:34.407 INFO  Product added on cart
Step: Pass - Username field is displayed
Step: Pass - Password field is displayed
Step: Pass - Login button is displayed
Step: Pass - Home page opened
Step: Pass - Add cart button is clicked
Step: Pass - Product count updated on busket icon in homepage
]]></system-out>
    <system-err><![CDATA[Apr 20, 2024 9:45:22 PM org.openqa.selenium.devtools.CdpVersionFinder findNearestMatch
WARNING: Unable to find an exact match for CDP version 123, returning the closest version; found: 120; Please update to a Selenium version that supports CDP version 123
]]></system-err>
  </testcase>
  <testcase name="testToVerifyAddToCart4" classname="TestCases.Web.tests.ProductTests" time="6.358">
    <failure message="Add cart button is not clicked expected [true] but found [false]" type="java.lang.AssertionError"><![CDATA[java.lang.AssertionError: Add cart button is not clicked expected [true] but found [false]
	at org.testng.Assert.fail(Assert.java:111)
	at org.testng.Assert.failNotEquals(Assert.java:1578)
	at org.testng.Assert.assertTrue(Assert.java:57)
	at AbstarctComponents.Web.FrameworkAssertionLibrary.stepAssertionShouldBeTrue(FrameworkAssertionLibrary.java:23)
	at TestCases.Web.steps.TestSteps.clickingAddToCart2(TestSteps.java:39)
	at TestCases.Web.tests.ProductTests.testToVerifyAddToCart4(ProductTests.java:30)
	at java.base/jdk.internal.reflect.NativeMethodAccessorImpl.invoke0(Native Method)
	at java.base/jdk.internal.reflect.NativeMethodAccessorImpl.invoke(NativeMethodAccessorImpl.java:62)
	at java.base/jdk.internal.reflect.DelegatingMethodAccessorImpl.invoke(DelegatingMethodAccessorImpl.java:43)
	at java.base/java.lang.reflect.Method.invoke(Method.java:566)
	at org.testng.internal.invokers.MethodInvocationHelper.invokeMethod(MethodInvocationHelper.java:139)
	at org.testng.internal.invokers.TestInvoker.invokeMethod(TestInvoker.java:664)
	at org.testng.internal.invokers.TestInvoker.invokeTestMethod(TestInvoker.java:227)
	at org.testng.internal.invokers.MethodRunner.runInSequence(MethodRunner.java:50)
	at org.testng.internal.invokers.TestInvoker$MethodInvocationAgent.invoke(TestInvoker.java:957)
	at org.testng.internal.invokers.TestInvoker.invokeTestMethods(TestInvoker.java:200)
	at org.testng.internal.invokers.TestMethodWorker.invokeTestMethods(TestMethodWorker.java:148)
	at org.testng.internal.invokers.TestMethodWorker.run(TestMethodWorker.java:128)
	at java.base/java.util.ArrayList.forEach(ArrayList.java:1541)
	at org.testng.TestRunner.privateRun(TestRunner.java:848)
	at org.testng.TestRunner.run(TestRunner.java:621)
	at org.testng.SuiteRunner.runTest(SuiteRunner.java:443)
	at org.testng.SuiteRunner$SuiteWorker.run(SuiteRunner.java:481)
	at org.testng.internal.thread.ThreadUtil.lambda$execute$0(ThreadUtil.java:58)
	at java.base/java.util.concurrent.FutureTask.run(FutureTask.java:264)
	at java.base/java.util.concurrent.ThreadPoolExecutor.runWorker(ThreadPoolExecutor.java:1128)
	at java.base/java.util.concurrent.ThreadPoolExecutor$Worker.run(ThreadPoolExecutor.java:628)
	at java.base/java.lang.Thread.run(Thread.java:834)
]]></failure>
    <system-out><![CDATA[21:45:34.409 INFO  'Test to verify add to cart' is successfully passed
21:45:34.410 INFO  ---------------------------------------------------
21:45:39.518 INFO  Open URL: https://www.saucedemo.com
21:45:39.685 INFO  Step: Username field is displayed
21:45:39.789 INFO  Enter username: standard_user
21:45:39.824 INFO  Step: Password field is displayed
21:45:39.905 INFO  Enter password: secret_sauce
21:45:39.936 INFO  Step: Login button is displayed
21:45:40.032 INFO  Click submit button
21:45:43.081 INFO  Clicking on product from homepageSauce Labs Backpack
21:45:43.128 INFO  STEP: Home page opened
21:45:43.128 INFO  Clicked on product from home page
21:45:46.141 INFO  Clicking add to cart button from product details page
Step: Pass - Username field is displayed
Step: Pass - Password field is displayed
Step: Pass - Login button is displayed
Step: Pass - Home page opened
Step: Fail - Add cart button is clicked
Step: Fail - Add cart button is not clicked
]]></system-out>
    <system-err><![CDATA[Apr 20, 2024 9:45:35 PM org.openqa.selenium.devtools.CdpVersionFinder findNearestMatch
WARNING: Unable to find an exact match for CDP version 123, returning the closest version; found: 120; Please update to a Selenium version that supports CDP version 123
java.lang.NoSuchFieldException: driver
	at java.base/java.lang.Class.getField(Class.java:1999)
	at TestComponents.Web.ReportListeners.onTestFailure(ReportListeners.java:44)
	at org.testng.internal.TestListenerHelper.runTestListeners(TestListenerHelper.java:108)
	at org.testng.internal.invokers.TestInvoker.runTestResultListener(TestInvoker.java:262)
	at org.testng.internal.invokers.TestInvoker.invokeMethod(TestInvoker.java:751)
	at org.testng.internal.invokers.TestInvoker.invokeTestMethod(TestInvoker.java:227)
	at org.testng.internal.invokers.MethodRunner.runInSequence(MethodRunner.java:50)
	at org.testng.internal.invokers.TestInvoker$MethodInvocationAgent.invoke(TestInvoker.java:957)
	at org.testng.internal.invokers.TestInvoker.invokeTestMethods(TestInvoker.java:200)
	at org.testng.internal.invokers.TestMethodWorker.invokeTestMethods(TestMethodWorker.java:148)
	at org.testng.internal.invokers.TestMethodWorker.run(TestMethodWorker.java:128)
	at java.base/java.util.ArrayList.forEach(ArrayList.java:1541)
	at org.testng.TestRunner.privateRun(TestRunner.java:848)
	at org.testng.TestRunner.run(TestRunner.java:621)
	at org.testng.SuiteRunner.runTest(SuiteRunner.java:443)
	at org.testng.SuiteRunner$SuiteWorker.run(SuiteRunner.java:481)
	at org.testng.internal.thread.ThreadUtil.lambda$execute$0(ThreadUtil.java:58)
	at java.base/java.util.concurrent.FutureTask.run(FutureTask.java:264)
	at java.base/java.util.concurrent.ThreadPoolExecutor.runWorker(ThreadPoolExecutor.java:1128)
	at java.base/java.util.concurrent.ThreadPoolExecutor$Worker.run(ThreadPoolExecutor.java:628)
	at java.base/java.lang.Thread.run(Thread.java:834)
]]></system-err>
  </testcase>
</testsuite>